19 Feb 2024 18:45:40,802 INFO com.sismics.util.jpa.EMF.getEntityManagerProperties(EMF.java:67) Configuring EntityManager from hibernate.properties 
19 Feb 2024 18:45:40,849 INFO org.hibernate.Version.logVersion(Version.java:41) HHH000412: Hibernate Core {4.1.0.Final} 
19 Feb 2024 18:45:40,857 INFO org.hibernate.cfg.Environment.<clinit>(Environment.java:224) HHH000205: Loaded properties from resource hibernate.properties: {hibernate.format_sql=false, hibernate.hbm2ddl.auto=none, hibernate.dialect=org.hibernate.dialect.HSQLDialect, hibernate.connection.username=sa, hibernate.connection.url=jdbc:hsqldb:mem:books;get_column_name=false, hibernate.max_fetch_depth=5, hibernate.show_sql=true, hibernate.connection.driver_class=org.hsqldb.jdbcDriver, hibernate.connection.password=****, hibernate.cache.use_second_level_cache=false, hibernate.bytecode.use_reflection_optimizer=false} 
19 Feb 2024 18:45:40,859 INFO org.hibernate.cfg.Environment.buildBytecodeProvider(Environment.java:342) HHH000021: Bytecode provider name : javassist 
19 Feb 2024 18:45:40,951 INFO org.hibernate.service.jdbc.connections.internal.DriverManagerConnectionProviderImpl.configure(DriverManagerConnectionProviderImpl.java:90) HHH000402: Using Hibernate built-in connection pool (not for production use!) 
19 Feb 2024 18:45:40,958 INFO org.hibernate.service.jdbc.connections.internal.DriverManagerConnectionProviderImpl.configure(DriverManagerConnectionProviderImpl.java:110) HHH000115: Hibernate connection pool size: 20 
19 Feb 2024 18:45:40,958 INFO org.hibernate.service.jdbc.connections.internal.DriverManagerConnectionProviderImpl.configure(DriverManagerConnectionProviderImpl.java:113) HHH000006: Autocommit mode: false 
19 Feb 2024 18:45:40,959 INFO org.hibernate.service.jdbc.connections.internal.DriverManagerConnectionProviderImpl.configure(DriverManagerConnectionProviderImpl.java:127) HHH000401: using driver [org.hsqldb.jdbcDriver] at URL [jdbc:hsqldb:mem:books;get_column_name=false] 
19 Feb 2024 18:45:40,960 INFO org.hibernate.service.jdbc.connections.internal.DriverManagerConnectionProviderImpl.configure(DriverManagerConnectionProviderImpl.java:132) HHH000046: Connection properties: {password=****, user=sa} 
19 Feb 2024 18:45:41,415 INFO org.hibernate.dialect.Dialect.<init>(Dialect.java:122) HHH000400: Using dialect: org.hibernate.dialect.HSQLDialect 
19 Feb 2024 18:45:41,590 INFO com.sismics.util.jpa.DbOpenHelper.open(DbOpenHelper.java:61) Opening database and executing incremental updates 
19 Feb 2024 18:45:41,592 INFO com.sismics.util.jpa.DbOpenHelper.open(DbOpenHelper.java:89) Unable to get database version: Table T_CONFIG not found 
19 Feb 2024 18:45:41,592 INFO com.sismics.util.jpa.DbOpenHelper.open(DbOpenHelper.java:103) Executing initial schema creation script 
19 Feb 2024 18:45:41,621 INFO com.sismics.util.jpa.DbOpenHelper.executeAllScript(DbOpenHelper.java:157) Executing script: dbupdate-000-0.sql 
19 Feb 2024 18:45:41,690 INFO com.sismics.util.jpa.DbOpenHelper.executeAllScript(DbOpenHelper.java:157) Executing script: dbupdate-000-1.sql 
19 Feb 2024 18:45:41,714 INFO com.sismics.util.jpa.DbOpenHelper.open(DbOpenHelper.java:111) Found database version 0, new version is 1, executing database incremental update scripts 
19 Feb 2024 18:45:41,717 INFO com.sismics.util.jpa.DbOpenHelper.executeAllScript(DbOpenHelper.java:157) Executing script: dbupdate-001-0.sql 
19 Feb 2024 18:45:41,729 INFO com.sismics.util.jpa.DbOpenHelper.open(DbOpenHelper.java:113) Database upgrade complete 
19 Feb 2024 18:45:41,730 INFO com.sismics.util.jpa.EMF.getEntityManagerProperties(EMF.java:67) Configuring EntityManager from hibernate.properties 
19 Feb 2024 18:45:41,882 INFO org.hibernate.annotations.common.Version.<clinit>(Version.java:37) HCANN000001: Hibernate Commons Annotations {4.0.1.Final} 
19 Feb 2024 18:45:42,401 INFO org.hibernate.service.jdbc.connections.internal.DriverManagerConnectionProviderImpl.configure(DriverManagerConnectionProviderImpl.java:90) HHH000402: Using Hibernate built-in connection pool (not for production use!) 
19 Feb 2024 18:45:42,402 INFO org.hibernate.service.jdbc.connections.internal.DriverManagerConnectionProviderImpl.configure(DriverManagerConnectionProviderImpl.java:110) HHH000115: Hibernate connection pool size: 20 
19 Feb 2024 18:45:42,403 INFO org.hibernate.service.jdbc.connections.internal.DriverManagerConnectionProviderImpl.configure(DriverManagerConnectionProviderImpl.java:113) HHH000006: Autocommit mode: true 
19 Feb 2024 18:45:42,403 INFO org.hibernate.service.jdbc.connections.internal.DriverManagerConnectionProviderImpl.configure(DriverManagerConnectionProviderImpl.java:127) HHH000401: using driver [org.hsqldb.jdbcDriver] at URL [jdbc:hsqldb:mem:books;get_column_name=false] 
19 Feb 2024 18:45:42,404 INFO org.hibernate.service.jdbc.connections.internal.DriverManagerConnectionProviderImpl.configure(DriverManagerConnectionProviderImpl.java:132) HHH000046: Connection properties: {password=****, autocommit=true, release_mode=auto, user=sa} 
19 Feb 2024 18:45:42,406 INFO org.hibernate.dialect.Dialect.<init>(Dialect.java:122) HHH000400: Using dialect: org.hibernate.dialect.HSQLDialect 
19 Feb 2024 18:45:42,411 INFO org.hibernate.engine.transaction.internal.TransactionFactoryInitiator.initiateService(TransactionFactoryInitiator.java:73) HHH000268: Transaction strategy: org.hibernate.engine.transaction.internal.jdbc.JdbcTransactionFactory 
19 Feb 2024 18:45:42,422 INFO org.hibernate.hql.internal.ast.ASTQueryTranslatorFactory.<init>(ASTQueryTranslatorFactory.java:48) HHH000397: Using ASTQueryTranslatorFactory 
19 Feb 2024 18:45:43,741 INFO com.sismics.books.core.service.BookDataService.startUp(BookDataService.java:103) Book data service started 
19 Feb 2024 18:45:43,793 INFO com.sismics.books.core.service.FacebookService.synchronizeAllContact(FacebookService.java:81) Synchronizing all Facebook contacts... 
19 Feb 2024 18:45:43,907 INFO com.sismics.books.core.service.FacebookService.synchronizeAllContact(FacebookService.java:95) Synchronizing all Facebook contacts : done! 
19 Feb 2024 18:45:45,889 INFO org.hibernate.service.jdbc.connections.internal.DriverManagerConnectionProviderImpl.stop(DriverManagerConnectionProviderImpl.java:136) HHH000030: Cleaning up connection pool [jdbc:hsqldb:mem:books;get_column_name=false] 
19 Feb 2024 18:45:48,136 INFO com.sismics.util.filter.RequestContextFilter.init(RequestContextFilter.java:53) Using base data directory: /mnt/c/Users/edeep/SE/Project_1/non_refactored/books/books-web/./sismicsbooks 
19 Feb 2024 18:45:49,412 INFO com.sismics.util.filter.RequestContextFilter.init(RequestContextFilter.java:53) Using base data directory: /mnt/c/Users/edeep/SE/Project_1/non_refactored/books/books-web/./sismicsbooks 
19 Feb 2024 18:45:49,412 INFO com.sismics.util.filter.RequestContextFilter.init(RequestContextFilter.java:53) Using base data directory: /mnt/c/Users/edeep/SE/Project_1/non_refactored/books/books-web/./sismicsbooks 
19 Feb 2024 18:45:50,797 INFO com.sismics.books.core.listener.async.BookImportAsyncListener.on(BookImportAsyncListener.java:52) Books import requested event: BookImportedEvent{user=User{id=983ab15d-ab74-478c-8853-431ae2e04019, username=bookimport1}, importFile=/tmp/books_import18016673974989409495.tmp} 
19 Feb 2024 18:45:50,797 INFO com.sismics.books.core.listener.async.BookImportAsyncListener.on(BookImportAsyncListener.java:52) Books import requested event: BookImportedEvent{user=User{id=983ab15d-ab74-478c-8853-431ae2e04019, username=bookimport1}, importFile=/tmp/books_import18016673974989409495.tmp} 
19 Feb 2024 18:45:50,797 INFO com.sismics.books.core.listener.async.BookImportAsyncListener.on(BookImportAsyncListener.java:52) Books import requested event: BookImportedEvent{user=User{id=983ab15d-ab74-478c-8853-431ae2e04019, username=bookimport1}, importFile=/tmp/books_import18016673974989409495.tmp} 
19 Feb 2024 18:46:02,615 WARN com.sismics.books.core.service.BookDataService$2.call(BookDataService.java:144) Book not found with Google: 9782253033134 with error: No book found for ISBN: 9782253033134 
19 Feb 2024 18:46:02,615 WARN com.sismics.books.core.service.BookDataService$2.call(BookDataService.java:144) Book not found with Google: 9782253033134 with error: No book found for ISBN: 9782253033134 
19 Feb 2024 18:46:02,615 WARN com.sismics.books.core.service.BookDataService$2.call(BookDataService.java:144) Book not found with Google: 9782253033134 with error: No book found for ISBN: 9782253033134 
19 Feb 2024 18:46:09,887 INFO com.sismics.util.filter.RequestContextFilter.init(RequestContextFilter.java:53) Using base data directory: /mnt/c/Users/edeep/SE/Project_1/non_refactored/books/books-web/./sismicsbooks 
19 Feb 2024 18:46:09,887 INFO com.sismics.util.filter.RequestContextFilter.init(RequestContextFilter.java:53) Using base data directory: /mnt/c/Users/edeep/SE/Project_1/non_refactored/books/books-web/./sismicsbooks 
19 Feb 2024 18:46:09,887 INFO com.sismics.util.filter.RequestContextFilter.init(RequestContextFilter.java:53) Using base data directory: /mnt/c/Users/edeep/SE/Project_1/non_refactored/books/books-web/./sismicsbooks 
19 Feb 2024 18:46:14,152 INFO com.sismics.util.filter.RequestContextFilter.init(RequestContextFilter.java:53) Using base data directory: /mnt/c/Users/edeep/SE/Project_1/non_refactored/books/books-web/./sismicsbooks 
19 Feb 2024 18:46:14,152 INFO com.sismics.util.filter.RequestContextFilter.init(RequestContextFilter.java:53) Using base data directory: /mnt/c/Users/edeep/SE/Project_1/non_refactored/books/books-web/./sismicsbooks 
19 Feb 2024 18:46:14,152 INFO com.sismics.util.filter.RequestContextFilter.init(RequestContextFilter.java:53) Using base data directory: /mnt/c/Users/edeep/SE/Project_1/non_refactored/books/books-web/./sismicsbooks 
19 Feb 2024 18:46:14,152 INFO com.sismics.util.filter.RequestContextFilter.init(RequestContextFilter.java:53) Using base data directory: /mnt/c/Users/edeep/SE/Project_1/non_refactored/books/books-web/./sismicsbooks 
19 Feb 2024 18:46:15,332 INFO com.sismics.util.filter.RequestContextFilter.init(RequestContextFilter.java:53) Using base data directory: /mnt/c/Users/edeep/SE/Project_1/non_refactored/books/books-web/./sismicsbooks 
19 Feb 2024 18:46:15,332 INFO com.sismics.util.filter.RequestContextFilter.init(RequestContextFilter.java:53) Using base data directory: /mnt/c/Users/edeep/SE/Project_1/non_refactored/books/books-web/./sismicsbooks 
19 Feb 2024 18:46:15,332 INFO com.sismics.util.filter.RequestContextFilter.init(RequestContextFilter.java:53) Using base data directory: /mnt/c/Users/edeep/SE/Project_1/non_refactored/books/books-web/./sismicsbooks 
19 Feb 2024 18:46:15,332 INFO com.sismics.util.filter.RequestContextFilter.init(RequestContextFilter.java:53) Using base data directory: /mnt/c/Users/edeep/SE/Project_1/non_refactored/books/books-web/./sismicsbooks 
19 Feb 2024 18:46:15,332 INFO com.sismics.util.filter.RequestContextFilter.init(RequestContextFilter.java:53) Using base data directory: /mnt/c/Users/edeep/SE/Project_1/non_refactored/books/books-web/./sismicsbooks 
19 Feb 2024 18:46:16,532 INFO com.sismics.util.filter.RequestContextFilter.init(RequestContextFilter.java:53) Using base data directory: /mnt/c/Users/edeep/SE/Project_1/non_refactored/books/books-web/./sismicsbooks 
19 Feb 2024 18:46:16,532 INFO com.sismics.util.filter.RequestContextFilter.init(RequestContextFilter.java:53) Using base data directory: /mnt/c/Users/edeep/SE/Project_1/non_refactored/books/books-web/./sismicsbooks 
19 Feb 2024 18:46:16,532 INFO com.sismics.util.filter.RequestContextFilter.init(RequestContextFilter.java:53) Using base data directory: /mnt/c/Users/edeep/SE/Project_1/non_refactored/books/books-web/./sismicsbooks 
19 Feb 2024 18:46:16,532 INFO com.sismics.util.filter.RequestContextFilter.init(RequestContextFilter.java:53) Using base data directory: /mnt/c/Users/edeep/SE/Project_1/non_refactored/books/books-web/./sismicsbooks 
19 Feb 2024 18:46:16,532 INFO com.sismics.util.filter.RequestContextFilter.init(RequestContextFilter.java:53) Using base data directory: /mnt/c/Users/edeep/SE/Project_1/non_refactored/books/books-web/./sismicsbooks 
19 Feb 2024 18:46:16,532 INFO com.sismics.util.filter.RequestContextFilter.init(RequestContextFilter.java:53) Using base data directory: /mnt/c/Users/edeep/SE/Project_1/non_refactored/books/books-web/./sismicsbooks 
19 Feb 2024 18:46:17,621 INFO com.sismics.util.filter.RequestContextFilter.init(RequestContextFilter.java:53) Using base data directory: /mnt/c/Users/edeep/SE/Project_1/non_refactored/books/books-web/./sismicsbooks 
19 Feb 2024 18:46:17,621 INFO com.sismics.util.filter.RequestContextFilter.init(RequestContextFilter.java:53) Using base data directory: /mnt/c/Users/edeep/SE/Project_1/non_refactored/books/books-web/./sismicsbooks 
19 Feb 2024 18:46:17,621 INFO com.sismics.util.filter.RequestContextFilter.init(RequestContextFilter.java:53) Using base data directory: /mnt/c/Users/edeep/SE/Project_1/non_refactored/books/books-web/./sismicsbooks 
19 Feb 2024 18:46:17,621 INFO com.sismics.util.filter.RequestContextFilter.init(RequestContextFilter.java:53) Using base data directory: /mnt/c/Users/edeep/SE/Project_1/non_refactored/books/books-web/./sismicsbooks 
19 Feb 2024 18:46:17,621 INFO com.sismics.util.filter.RequestContextFilter.init(RequestContextFilter.java:53) Using base data directory: /mnt/c/Users/edeep/SE/Project_1/non_refactored/books/books-web/./sismicsbooks 
19 Feb 2024 18:46:17,621 INFO com.sismics.util.filter.RequestContextFilter.init(RequestContextFilter.java:53) Using base data directory: /mnt/c/Users/edeep/SE/Project_1/non_refactored/books/books-web/./sismicsbooks 
19 Feb 2024 18:46:17,621 INFO com.sismics.util.filter.RequestContextFilter.init(RequestContextFilter.java:53) Using base data directory: /mnt/c/Users/edeep/SE/Project_1/non_refactored/books/books-web/./sismicsbooks 
19 Feb 2024 18:46:18,818 INFO com.sismics.util.filter.RequestContextFilter.init(RequestContextFilter.java:53) Using base data directory: /mnt/c/Users/edeep/SE/Project_1/non_refactored/books/books-web/./sismicsbooks 
19 Feb 2024 18:46:18,818 INFO com.sismics.util.filter.RequestContextFilter.init(RequestContextFilter.java:53) Using base data directory: /mnt/c/Users/edeep/SE/Project_1/non_refactored/books/books-web/./sismicsbooks 
19 Feb 2024 18:46:18,818 INFO com.sismics.util.filter.RequestContextFilter.init(RequestContextFilter.java:53) Using base data directory: /mnt/c/Users/edeep/SE/Project_1/non_refactored/books/books-web/./sismicsbooks 
19 Feb 2024 18:46:18,818 INFO com.sismics.util.filter.RequestContextFilter.init(RequestContextFilter.java:53) Using base data directory: /mnt/c/Users/edeep/SE/Project_1/non_refactored/books/books-web/./sismicsbooks 
19 Feb 2024 18:46:18,818 INFO com.sismics.util.filter.RequestContextFilter.init(RequestContextFilter.java:53) Using base data directory: /mnt/c/Users/edeep/SE/Project_1/non_refactored/books/books-web/./sismicsbooks 
19 Feb 2024 18:46:18,818 INFO com.sismics.util.filter.RequestContextFilter.init(RequestContextFilter.java:53) Using base data directory: /mnt/c/Users/edeep/SE/Project_1/non_refactored/books/books-web/./sismicsbooks 
19 Feb 2024 18:46:18,818 INFO com.sismics.util.filter.RequestContextFilter.init(RequestContextFilter.java:53) Using base data directory: /mnt/c/Users/edeep/SE/Project_1/non_refactored/books/books-web/./sismicsbooks 
19 Feb 2024 18:46:18,818 INFO com.sismics.util.filter.RequestContextFilter.init(RequestContextFilter.java:53) Using base data directory: /mnt/c/Users/edeep/SE/Project_1/non_refactored/books/books-web/./sismicsbooks 
19 Feb 2024 18:46:22,520 INFO com.sismics.util.filter.RequestContextFilter.init(RequestContextFilter.java:53) Using base data directory: /mnt/c/Users/edeep/SE/Project_1/non_refactored/books/books-web/./sismicsbooks 
19 Feb 2024 18:46:22,520 INFO com.sismics.util.filter.RequestContextFilter.init(RequestContextFilter.java:53) Using base data directory: /mnt/c/Users/edeep/SE/Project_1/non_refactored/books/books-web/./sismicsbooks 
19 Feb 2024 18:46:22,520 INFO com.sismics.util.filter.RequestContextFilter.init(RequestContextFilter.java:53) Using base data directory: /mnt/c/Users/edeep/SE/Project_1/non_refactored/books/books-web/./sismicsbooks 
19 Feb 2024 18:46:22,520 INFO com.sismics.util.filter.RequestContextFilter.init(RequestContextFilter.java:53) Using base data directory: /mnt/c/Users/edeep/SE/Project_1/non_refactored/books/books-web/./sismicsbooks 
19 Feb 2024 18:46:22,520 INFO com.sismics.util.filter.RequestContextFilter.init(RequestContextFilter.java:53) Using base data directory: /mnt/c/Users/edeep/SE/Project_1/non_refactored/books/books-web/./sismicsbooks 
19 Feb 2024 18:46:22,520 INFO com.sismics.util.filter.RequestContextFilter.init(RequestContextFilter.java:53) Using base data directory: /mnt/c/Users/edeep/SE/Project_1/non_refactored/books/books-web/./sismicsbooks 
19 Feb 2024 18:46:22,520 INFO com.sismics.util.filter.RequestContextFilter.init(RequestContextFilter.java:53) Using base data directory: /mnt/c/Users/edeep/SE/Project_1/non_refactored/books/books-web/./sismicsbooks 
19 Feb 2024 18:46:22,520 INFO com.sismics.util.filter.RequestContextFilter.init(RequestContextFilter.java:53) Using base data directory: /mnt/c/Users/edeep/SE/Project_1/non_refactored/books/books-web/./sismicsbooks 
19 Feb 2024 18:46:22,520 INFO com.sismics.util.filter.RequestContextFilter.init(RequestContextFilter.java:53) Using base data directory: /mnt/c/Users/edeep/SE/Project_1/non_refactored/books/books-web/./sismicsbooks 
19 Feb 2024 18:46:23,576 INFO com.sismics.util.filter.RequestContextFilter.init(RequestContextFilter.java:53) Using base data directory: /mnt/c/Users/edeep/SE/Project_1/non_refactored/books/books-web/./sismicsbooks 
19 Feb 2024 18:46:23,576 INFO com.sismics.util.filter.RequestContextFilter.init(RequestContextFilter.java:53) Using base data directory: /mnt/c/Users/edeep/SE/Project_1/non_refactored/books/books-web/./sismicsbooks 
19 Feb 2024 18:46:23,576 INFO com.sismics.util.filter.RequestContextFilter.init(RequestContextFilter.java:53) Using base data directory: /mnt/c/Users/edeep/SE/Project_1/non_refactored/books/books-web/./sismicsbooks 
19 Feb 2024 18:46:23,576 INFO com.sismics.util.filter.RequestContextFilter.init(RequestContextFilter.java:53) Using base data directory: /mnt/c/Users/edeep/SE/Project_1/non_refactored/books/books-web/./sismicsbooks 
19 Feb 2024 18:46:23,576 INFO com.sismics.util.filter.RequestContextFilter.init(RequestContextFilter.java:53) Using base data directory: /mnt/c/Users/edeep/SE/Project_1/non_refactored/books/books-web/./sismicsbooks 
19 Feb 2024 18:46:23,576 INFO com.sismics.util.filter.RequestContextFilter.init(RequestContextFilter.java:53) Using base data directory: /mnt/c/Users/edeep/SE/Project_1/non_refactored/books/books-web/./sismicsbooks 
19 Feb 2024 18:46:23,576 INFO com.sismics.util.filter.RequestContextFilter.init(RequestContextFilter.java:53) Using base data directory: /mnt/c/Users/edeep/SE/Project_1/non_refactored/books/books-web/./sismicsbooks 
19 Feb 2024 18:46:23,576 INFO com.sismics.util.filter.RequestContextFilter.init(RequestContextFilter.java:53) Using base data directory: /mnt/c/Users/edeep/SE/Project_1/non_refactored/books/books-web/./sismicsbooks 
19 Feb 2024 18:46:23,576 INFO com.sismics.util.filter.RequestContextFilter.init(RequestContextFilter.java:53) Using base data directory: /mnt/c/Users/edeep/SE/Project_1/non_refactored/books/books-web/./sismicsbooks 
19 Feb 2024 18:46:23,576 INFO com.sismics.util.filter.RequestContextFilter.init(RequestContextFilter.java:53) Using base data directory: /mnt/c/Users/edeep/SE/Project_1/non_refactored/books/books-web/./sismicsbooks 
19 Feb 2024 18:46:24,738 ERROR com.sismics.rest.exception.ServerException.<init>(ServerException.java:38) AlreadyExistingUsername: Login already used 
java.lang.Exception: AlreadyExistingUsername
	at com.sismics.books.core.dao.jpa.UserDao.create(UserDao.java:65)
	at com.sismics.books.rest.resource.UserResource.register(UserResource.java:94)
	at java.base/jdk.internal.reflect.NativeMethodAccessorImpl.invoke0(Native Method)
	at java.base/jdk.internal.reflect.NativeMethodAccessorImpl.invoke(NativeMethodAccessorImpl.java:62)
	at java.base/jdk.internal.reflect.DelegatingMethodAccessorImpl.invoke(DelegatingMethodAccessorImpl.java:43)
	at java.base/java.lang.reflect.Method.invoke(Method.java:566)
	at com.sun.jersey.spi.container.JavaMethodInvokerFactory$1.invoke(JavaMethodInvokerFactory.java:60)
	at com.sun.jersey.server.impl.model.method.dispatch.AbstractResourceMethodDispatchProvider$ResponseOutInvoker._dispatch(AbstractResourceMethodDispatchProvider.java:205)
	at com.sun.jersey.server.impl.model.method.dispatch.ResourceJavaMethodDispatcher.dispatch(ResourceJavaMethodDispatcher.java:75)
	at com.sun.jersey.server.impl.uri.rules.HttpMethodRule.accept(HttpMethodRule.java:302)
	at com.sun.jersey.server.impl.uri.rules.ResourceClassRule.accept(ResourceClassRule.java:108)
	at com.sun.jersey.server.impl.uri.rules.RightHandPathRule.accept(RightHandPathRule.java:147)
	at com.sun.jersey.server.impl.uri.rules.RootResourceClassesRule.accept(RootResourceClassesRule.java:84)
	at com.sun.jersey.server.impl.application.WebApplicationImpl._handleRequest(WebApplicationImpl.java:1511)
	at com.sun.jersey.server.impl.application.WebApplicationImpl._handleRequest(WebApplicationImpl.java:1442)
	at com.sun.jersey.server.impl.application.WebApplicationImpl.handleRequest(WebApplicationImpl.java:1391)
	at com.sun.jersey.server.impl.application.WebApplicationImpl.handleRequest(WebApplicationImpl.java:1381)
	at com.sun.jersey.spi.container.servlet.WebComponent.service(WebComponent.java:416)
	at com.sun.jersey.spi.container.servlet.ServletContainer.service(ServletContainer.java:538)
	at com.sun.jersey.spi.container.servlet.ServletContainer.service(ServletContainer.java:716)
	at javax.servlet.http.HttpServlet.service(HttpServlet.java:847)
	at org.glassfish.grizzly.servlet.FilterChainImpl.doFilter(FilterChainImpl.java:147)
	at com.sismics.util.filter.TokenBasedSecurityFilter.doFilter(TokenBasedSecurityFilter.java:119)
	at org.glassfish.grizzly.servlet.FilterChainImpl.doFilter(FilterChainImpl.java:137)
	at com.sismics.util.filter.RequestContextFilter.doFilter(RequestContextFilter.java:97)
	at org.glassfish.grizzly.servlet.FilterChainImpl.doFilter(FilterChainImpl.java:137)
	at org.glassfish.grizzly.servlet.FilterChainImpl.invokeFilterChain(FilterChainImpl.java:106)
	at org.glassfish.grizzly.servlet.ServletHandler.doServletService(ServletHandler.java:252)
	at org.glassfish.grizzly.servlet.ServletHandler.service(ServletHandler.java:188)
	at org.glassfish.grizzly.http.server.HttpHandler.doHandle(HttpHandler.java:164)
	at org.glassfish.grizzly.http.server.HttpHandlerChain.service(HttpHandlerChain.java:196)
	at org.glassfish.grizzly.http.server.HttpHandler.doHandle(HttpHandler.java:164)
	at org.glassfish.grizzly.http.server.HttpServerFilter.handleRead(HttpServerFilter.java:175)
	at org.glassfish.grizzly.filterchain.ExecutorResolver$9.execute(ExecutorResolver.java:119)
	at org.glassfish.grizzly.filterchain.DefaultFilterChain.executeFilter(DefaultFilterChain.java:265)
	at org.glassfish.grizzly.filterchain.DefaultFilterChain.executeChainPart(DefaultFilterChain.java:200)
	at org.glassfish.grizzly.filterchain.DefaultFilterChain.execute(DefaultFilterChain.java:134)
	at org.glassfish.grizzly.filterchain.DefaultFilterChain.process(DefaultFilterChain.java:112)
	at org.glassfish.grizzly.ProcessorExecutor.execute(ProcessorExecutor.java:78)
	at org.glassfish.grizzly.nio.transport.TCPNIOTransport.fireIOEvent(TCPNIOTransport.java:815)
	at org.glassfish.grizzly.strategies.AbstractIOStrategy.fireIOEvent(AbstractIOStrategy.java:112)
	at org.glassfish.grizzly.strategies.WorkerThreadIOStrategy.run0(WorkerThreadIOStrategy.java:115)
	at org.glassfish.grizzly.strategies.WorkerThreadIOStrategy.access$100(WorkerThreadIOStrategy.java:55)
	at org.glassfish.grizzly.strategies.WorkerThreadIOStrategy$WorkerThreadRunnable.run(WorkerThreadIOStrategy.java:135)
	at org.glassfish.grizzly.threadpool.AbstractThreadPool$Worker.doWork(AbstractThreadPool.java:567)
	at org.glassfish.grizzly.threadpool.AbstractThreadPool$Worker.run(AbstractThreadPool.java:547)
	at java.base/java.lang.Thread.run(Thread.java:829)
19 Feb 2024 18:46:24,738 ERROR com.sismics.rest.exception.ServerException.<init>(ServerException.java:38) AlreadyExistingUsername: Login already used 
java.lang.Exception: AlreadyExistingUsername
	at com.sismics.books.core.dao.jpa.UserDao.create(UserDao.java:65)
	at com.sismics.books.rest.resource.UserResource.register(UserResource.java:94)
	at java.base/jdk.internal.reflect.NativeMethodAccessorImpl.invoke0(Native Method)
	at java.base/jdk.internal.reflect.NativeMethodAccessorImpl.invoke(NativeMethodAccessorImpl.java:62)
	at java.base/jdk.internal.reflect.DelegatingMethodAccessorImpl.invoke(DelegatingMethodAccessorImpl.java:43)
	at java.base/java.lang.reflect.Method.invoke(Method.java:566)
	at com.sun.jersey.spi.container.JavaMethodInvokerFactory$1.invoke(JavaMethodInvokerFactory.java:60)
	at com.sun.jersey.server.impl.model.method.dispatch.AbstractResourceMethodDispatchProvider$ResponseOutInvoker._dispatch(AbstractResourceMethodDispatchProvider.java:205)
	at com.sun.jersey.server.impl.model.method.dispatch.ResourceJavaMethodDispatcher.dispatch(ResourceJavaMethodDispatcher.java:75)
	at com.sun.jersey.server.impl.uri.rules.HttpMethodRule.accept(HttpMethodRule.java:302)
	at com.sun.jersey.server.impl.uri.rules.ResourceClassRule.accept(ResourceClassRule.java:108)
	at com.sun.jersey.server.impl.uri.rules.RightHandPathRule.accept(RightHandPathRule.java:147)
	at com.sun.jersey.server.impl.uri.rules.RootResourceClassesRule.accept(RootResourceClassesRule.java:84)
	at com.sun.jersey.server.impl.application.WebApplicationImpl._handleRequest(WebApplicationImpl.java:1511)
	at com.sun.jersey.server.impl.application.WebApplicationImpl._handleRequest(WebApplicationImpl.java:1442)
	at com.sun.jersey.server.impl.application.WebApplicationImpl.handleRequest(WebApplicationImpl.java:1391)
	at com.sun.jersey.server.impl.application.WebApplicationImpl.handleRequest(WebApplicationImpl.java:1381)
	at com.sun.jersey.spi.container.servlet.WebComponent.service(WebComponent.java:416)
	at com.sun.jersey.spi.container.servlet.ServletContainer.service(ServletContainer.java:538)
	at com.sun.jersey.spi.container.servlet.ServletContainer.service(ServletContainer.java:716)
	at javax.servlet.http.HttpServlet.service(HttpServlet.java:847)
	at org.glassfish.grizzly.servlet.FilterChainImpl.doFilter(FilterChainImpl.java:147)
	at com.sismics.util.filter.TokenBasedSecurityFilter.doFilter(TokenBasedSecurityFilter.java:119)
	at org.glassfish.grizzly.servlet.FilterChainImpl.doFilter(FilterChainImpl.java:137)
	at com.sismics.util.filter.RequestContextFilter.doFilter(RequestContextFilter.java:97)
	at org.glassfish.grizzly.servlet.FilterChainImpl.doFilter(FilterChainImpl.java:137)
	at org.glassfish.grizzly.servlet.FilterChainImpl.invokeFilterChain(FilterChainImpl.java:106)
	at org.glassfish.grizzly.servlet.ServletHandler.doServletService(ServletHandler.java:252)
	at org.glassfish.grizzly.servlet.ServletHandler.service(ServletHandler.java:188)
	at org.glassfish.grizzly.http.server.HttpHandler.doHandle(HttpHandler.java:164)
	at org.glassfish.grizzly.http.server.HttpHandlerChain.service(HttpHandlerChain.java:196)
	at org.glassfish.grizzly.http.server.HttpHandler.doHandle(HttpHandler.java:164)
	at org.glassfish.grizzly.http.server.HttpServerFilter.handleRead(HttpServerFilter.java:175)
	at org.glassfish.grizzly.filterchain.ExecutorResolver$9.execute(ExecutorResolver.java:119)
	at org.glassfish.grizzly.filterchain.DefaultFilterChain.executeFilter(DefaultFilterChain.java:265)
	at org.glassfish.grizzly.filterchain.DefaultFilterChain.executeChainPart(DefaultFilterChain.java:200)
	at org.glassfish.grizzly.filterchain.DefaultFilterChain.execute(DefaultFilterChain.java:134)
	at org.glassfish.grizzly.filterchain.DefaultFilterChain.process(DefaultFilterChain.java:112)
	at org.glassfish.grizzly.ProcessorExecutor.execute(ProcessorExecutor.java:78)
	at org.glassfish.grizzly.nio.transport.TCPNIOTransport.fireIOEvent(TCPNIOTransport.java:815)
	at org.glassfish.grizzly.strategies.AbstractIOStrategy.fireIOEvent(AbstractIOStrategy.java:112)
	at org.glassfish.grizzly.strategies.WorkerThreadIOStrategy.run0(WorkerThreadIOStrategy.java:115)
	at org.glassfish.grizzly.strategies.WorkerThreadIOStrategy.access$100(WorkerThreadIOStrategy.java:55)
	at org.glassfish.grizzly.strategies.WorkerThreadIOStrategy$WorkerThreadRunnable.run(WorkerThreadIOStrategy.java:135)
	at org.glassfish.grizzly.threadpool.AbstractThreadPool$Worker.doWork(AbstractThreadPool.java:567)
	at org.glassfish.grizzly.threadpool.AbstractThreadPool$Worker.run(AbstractThreadPool.java:547)
	at java.base/java.lang.Thread.run(Thread.java:829)
19 Feb 2024 18:46:24,738 ERROR com.sismics.rest.exception.ServerException.<init>(ServerException.java:38) AlreadyExistingUsername: Login already used 
java.lang.Exception: AlreadyExistingUsername
	at com.sismics.books.core.dao.jpa.UserDao.create(UserDao.java:65)
	at com.sismics.books.rest.resource.UserResource.register(UserResource.java:94)
	at java.base/jdk.internal.reflect.NativeMethodAccessorImpl.invoke0(Native Method)
	at java.base/jdk.internal.reflect.NativeMethodAccessorImpl.invoke(NativeMethodAccessorImpl.java:62)
	at java.base/jdk.internal.reflect.DelegatingMethodAccessorImpl.invoke(DelegatingMethodAccessorImpl.java:43)
	at java.base/java.lang.reflect.Method.invoke(Method.java:566)
	at com.sun.jersey.spi.container.JavaMethodInvokerFactory$1.invoke(JavaMethodInvokerFactory.java:60)
	at com.sun.jersey.server.impl.model.method.dispatch.AbstractResourceMethodDispatchProvider$ResponseOutInvoker._dispatch(AbstractResourceMethodDispatchProvider.java:205)
	at com.sun.jersey.server.impl.model.method.dispatch.ResourceJavaMethodDispatcher.dispatch(ResourceJavaMethodDispatcher.java:75)
	at com.sun.jersey.server.impl.uri.rules.HttpMethodRule.accept(HttpMethodRule.java:302)
	at com.sun.jersey.server.impl.uri.rules.ResourceClassRule.accept(ResourceClassRule.java:108)
	at com.sun.jersey.server.impl.uri.rules.RightHandPathRule.accept(RightHandPathRule.java:147)
	at com.sun.jersey.server.impl.uri.rules.RootResourceClassesRule.accept(RootResourceClassesRule.java:84)
	at com.sun.jersey.server.impl.application.WebApplicationImpl._handleRequest(WebApplicationImpl.java:1511)
	at com.sun.jersey.server.impl.application.WebApplicationImpl._handleRequest(WebApplicationImpl.java:1442)
	at com.sun.jersey.server.impl.application.WebApplicationImpl.handleRequest(WebApplicationImpl.java:1391)
	at com.sun.jersey.server.impl.application.WebApplicationImpl.handleRequest(WebApplicationImpl.java:1381)
	at com.sun.jersey.spi.container.servlet.WebComponent.service(WebComponent.java:416)
	at com.sun.jersey.spi.container.servlet.ServletContainer.service(ServletContainer.java:538)
	at com.sun.jersey.spi.container.servlet.ServletContainer.service(ServletContainer.java:716)
	at javax.servlet.http.HttpServlet.service(HttpServlet.java:847)
	at org.glassfish.grizzly.servlet.FilterChainImpl.doFilter(FilterChainImpl.java:147)
	at com.sismics.util.filter.TokenBasedSecurityFilter.doFilter(TokenBasedSecurityFilter.java:119)
	at org.glassfish.grizzly.servlet.FilterChainImpl.doFilter(FilterChainImpl.java:137)
	at com.sismics.util.filter.RequestContextFilter.doFilter(RequestContextFilter.java:97)
	at org.glassfish.grizzly.servlet.FilterChainImpl.doFilter(FilterChainImpl.java:137)
	at org.glassfish.grizzly.servlet.FilterChainImpl.invokeFilterChain(FilterChainImpl.java:106)
	at org.glassfish.grizzly.servlet.ServletHandler.doServletService(ServletHandler.java:252)
	at org.glassfish.grizzly.servlet.ServletHandler.service(ServletHandler.java:188)
	at org.glassfish.grizzly.http.server.HttpHandler.doHandle(HttpHandler.java:164)
	at org.glassfish.grizzly.http.server.HttpHandlerChain.service(HttpHandlerChain.java:196)
	at org.glassfish.grizzly.http.server.HttpHandler.doHandle(HttpHandler.java:164)
	at org.glassfish.grizzly.http.server.HttpServerFilter.handleRead(HttpServerFilter.java:175)
	at org.glassfish.grizzly.filterchain.ExecutorResolver$9.execute(ExecutorResolver.java:119)
	at org.glassfish.grizzly.filterchain.DefaultFilterChain.executeFilter(DefaultFilterChain.java:265)
	at org.glassfish.grizzly.filterchain.DefaultFilterChain.executeChainPart(DefaultFilterChain.java:200)
	at org.glassfish.grizzly.filterchain.DefaultFilterChain.execute(DefaultFilterChain.java:134)
	at org.glassfish.grizzly.filterchain.DefaultFilterChain.process(DefaultFilterChain.java:112)
	at org.glassfish.grizzly.ProcessorExecutor.execute(ProcessorExecutor.java:78)
	at org.glassfish.grizzly.nio.transport.TCPNIOTransport.fireIOEvent(TCPNIOTransport.java:815)
	at org.glassfish.grizzly.strategies.AbstractIOStrategy.fireIOEvent(AbstractIOStrategy.java:112)
	at org.glassfish.grizzly.strategies.WorkerThreadIOStrategy.run0(WorkerThreadIOStrategy.java:115)
	at org.glassfish.grizzly.strategies.WorkerThreadIOStrategy.access$100(WorkerThreadIOStrategy.java:55)
	at org.glassfish.grizzly.strategies.WorkerThreadIOStrategy$WorkerThreadRunnable.run(WorkerThreadIOStrategy.java:135)
	at org.glassfish.grizzly.threadpool.AbstractThreadPool$Worker.doWork(AbstractThreadPool.java:567)
	at org.glassfish.grizzly.threadpool.AbstractThreadPool$Worker.run(AbstractThreadPool.java:547)
	at java.base/java.lang.Thread.run(Thread.java:829)
19 Feb 2024 18:46:24,738 ERROR com.sismics.rest.exception.ServerException.<init>(ServerException.java:38) AlreadyExistingUsername: Login already used 
java.lang.Exception: AlreadyExistingUsername
	at com.sismics.books.core.dao.jpa.UserDao.create(UserDao.java:65)
	at com.sismics.books.rest.resource.UserResource.register(UserResource.java:94)
	at java.base/jdk.internal.reflect.NativeMethodAccessorImpl.invoke0(Native Method)
	at java.base/jdk.internal.reflect.NativeMethodAccessorImpl.invoke(NativeMethodAccessorImpl.java:62)
	at java.base/jdk.internal.reflect.DelegatingMethodAccessorImpl.invoke(DelegatingMethodAccessorImpl.java:43)
	at java.base/java.lang.reflect.Method.invoke(Method.java:566)
	at com.sun.jersey.spi.container.JavaMethodInvokerFactory$1.invoke(JavaMethodInvokerFactory.java:60)
	at com.sun.jersey.server.impl.model.method.dispatch.AbstractResourceMethodDispatchProvider$ResponseOutInvoker._dispatch(AbstractResourceMethodDispatchProvider.java:205)
	at com.sun.jersey.server.impl.model.method.dispatch.ResourceJavaMethodDispatcher.dispatch(ResourceJavaMethodDispatcher.java:75)
	at com.sun.jersey.server.impl.uri.rules.HttpMethodRule.accept(HttpMethodRule.java:302)
	at com.sun.jersey.server.impl.uri.rules.ResourceClassRule.accept(ResourceClassRule.java:108)
	at com.sun.jersey.server.impl.uri.rules.RightHandPathRule.accept(RightHandPathRule.java:147)
	at com.sun.jersey.server.impl.uri.rules.RootResourceClassesRule.accept(RootResourceClassesRule.java:84)
	at com.sun.jersey.server.impl.application.WebApplicationImpl._handleRequest(WebApplicationImpl.java:1511)
	at com.sun.jersey.server.impl.application.WebApplicationImpl._handleRequest(WebApplicationImpl.java:1442)
	at com.sun.jersey.server.impl.application.WebApplicationImpl.handleRequest(WebApplicationImpl.java:1391)
	at com.sun.jersey.server.impl.application.WebApplicationImpl.handleRequest(WebApplicationImpl.java:1381)
	at com.sun.jersey.spi.container.servlet.WebComponent.service(WebComponent.java:416)
	at com.sun.jersey.spi.container.servlet.ServletContainer.service(ServletContainer.java:538)
	at com.sun.jersey.spi.container.servlet.ServletContainer.service(ServletContainer.java:716)
	at javax.servlet.http.HttpServlet.service(HttpServlet.java:847)
	at org.glassfish.grizzly.servlet.FilterChainImpl.doFilter(FilterChainImpl.java:147)
	at com.sismics.util.filter.TokenBasedSecurityFilter.doFilter(TokenBasedSecurityFilter.java:119)
	at org.glassfish.grizzly.servlet.FilterChainImpl.doFilter(FilterChainImpl.java:137)
	at com.sismics.util.filter.RequestContextFilter.doFilter(RequestContextFilter.java:97)
	at org.glassfish.grizzly.servlet.FilterChainImpl.doFilter(FilterChainImpl.java:137)
	at org.glassfish.grizzly.servlet.FilterChainImpl.invokeFilterChain(FilterChainImpl.java:106)
	at org.glassfish.grizzly.servlet.ServletHandler.doServletService(ServletHandler.java:252)
	at org.glassfish.grizzly.servlet.ServletHandler.service(ServletHandler.java:188)
	at org.glassfish.grizzly.http.server.HttpHandler.doHandle(HttpHandler.java:164)
	at org.glassfish.grizzly.http.server.HttpHandlerChain.service(HttpHandlerChain.java:196)
	at org.glassfish.grizzly.http.server.HttpHandler.doHandle(HttpHandler.java:164)
	at org.glassfish.grizzly.http.server.HttpServerFilter.handleRead(HttpServerFilter.java:175)
	at org.glassfish.grizzly.filterchain.ExecutorResolver$9.execute(ExecutorResolver.java:119)
	at org.glassfish.grizzly.filterchain.DefaultFilterChain.executeFilter(DefaultFilterChain.java:265)
	at org.glassfish.grizzly.filterchain.DefaultFilterChain.executeChainPart(DefaultFilterChain.java:200)
	at org.glassfish.grizzly.filterchain.DefaultFilterChain.execute(DefaultFilterChain.java:134)
	at org.glassfish.grizzly.filterchain.DefaultFilterChain.process(DefaultFilterChain.java:112)
	at org.glassfish.grizzly.ProcessorExecutor.execute(ProcessorExecutor.java:78)
	at org.glassfish.grizzly.nio.transport.TCPNIOTransport.fireIOEvent(TCPNIOTransport.java:815)
	at org.glassfish.grizzly.strategies.AbstractIOStrategy.fireIOEvent(AbstractIOStrategy.java:112)
	at org.glassfish.grizzly.strategies.WorkerThreadIOStrategy.run0(WorkerThreadIOStrategy.java:115)
	at org.glassfish.grizzly.strategies.WorkerThreadIOStrategy.access$100(WorkerThreadIOStrategy.java:55)
	at org.glassfish.grizzly.strategies.WorkerThreadIOStrategy$WorkerThreadRunnable.run(WorkerThreadIOStrategy.java:135)
	at org.glassfish.grizzly.threadpool.AbstractThreadPool$Worker.doWork(AbstractThreadPool.java:567)
	at org.glassfish.grizzly.threadpool.AbstractThreadPool$Worker.run(AbstractThreadPool.java:547)
	at java.base/java.lang.Thread.run(Thread.java:829)
19 Feb 2024 18:46:24,738 ERROR com.sismics.rest.exception.ServerException.<init>(ServerException.java:38) AlreadyExistingUsername: Login already used 
java.lang.Exception: AlreadyExistingUsername
	at com.sismics.books.core.dao.jpa.UserDao.create(UserDao.java:65)
	at com.sismics.books.rest.resource.UserResource.register(UserResource.java:94)
	at java.base/jdk.internal.reflect.NativeMethodAccessorImpl.invoke0(Native Method)
	at java.base/jdk.internal.reflect.NativeMethodAccessorImpl.invoke(NativeMethodAccessorImpl.java:62)
	at java.base/jdk.internal.reflect.DelegatingMethodAccessorImpl.invoke(DelegatingMethodAccessorImpl.java:43)
	at java.base/java.lang.reflect.Method.invoke(Method.java:566)
	at com.sun.jersey.spi.container.JavaMethodInvokerFactory$1.invoke(JavaMethodInvokerFactory.java:60)
	at com.sun.jersey.server.impl.model.method.dispatch.AbstractResourceMethodDispatchProvider$ResponseOutInvoker._dispatch(AbstractResourceMethodDispatchProvider.java:205)
	at com.sun.jersey.server.impl.model.method.dispatch.ResourceJavaMethodDispatcher.dispatch(ResourceJavaMethodDispatcher.java:75)
	at com.sun.jersey.server.impl.uri.rules.HttpMethodRule.accept(HttpMethodRule.java:302)
	at com.sun.jersey.server.impl.uri.rules.ResourceClassRule.accept(ResourceClassRule.java:108)
	at com.sun.jersey.server.impl.uri.rules.RightHandPathRule.accept(RightHandPathRule.java:147)
	at com.sun.jersey.server.impl.uri.rules.RootResourceClassesRule.accept(RootResourceClassesRule.java:84)
	at com.sun.jersey.server.impl.application.WebApplicationImpl._handleRequest(WebApplicationImpl.java:1511)
	at com.sun.jersey.server.impl.application.WebApplicationImpl._handleRequest(WebApplicationImpl.java:1442)
	at com.sun.jersey.server.impl.application.WebApplicationImpl.handleRequest(WebApplicationImpl.java:1391)
	at com.sun.jersey.server.impl.application.WebApplicationImpl.handleRequest(WebApplicationImpl.java:1381)
	at com.sun.jersey.spi.container.servlet.WebComponent.service(WebComponent.java:416)
	at com.sun.jersey.spi.container.servlet.ServletContainer.service(ServletContainer.java:538)
	at com.sun.jersey.spi.container.servlet.ServletContainer.service(ServletContainer.java:716)
	at javax.servlet.http.HttpServlet.service(HttpServlet.java:847)
	at org.glassfish.grizzly.servlet.FilterChainImpl.doFilter(FilterChainImpl.java:147)
	at com.sismics.util.filter.TokenBasedSecurityFilter.doFilter(TokenBasedSecurityFilter.java:119)
	at org.glassfish.grizzly.servlet.FilterChainImpl.doFilter(FilterChainImpl.java:137)
	at com.sismics.util.filter.RequestContextFilter.doFilter(RequestContextFilter.java:97)
	at org.glassfish.grizzly.servlet.FilterChainImpl.doFilter(FilterChainImpl.java:137)
	at org.glassfish.grizzly.servlet.FilterChainImpl.invokeFilterChain(FilterChainImpl.java:106)
	at org.glassfish.grizzly.servlet.ServletHandler.doServletService(ServletHandler.java:252)
	at org.glassfish.grizzly.servlet.ServletHandler.service(ServletHandler.java:188)
	at org.glassfish.grizzly.http.server.HttpHandler.doHandle(HttpHandler.java:164)
	at org.glassfish.grizzly.http.server.HttpHandlerChain.service(HttpHandlerChain.java:196)
	at org.glassfish.grizzly.http.server.HttpHandler.doHandle(HttpHandler.java:164)
	at org.glassfish.grizzly.http.server.HttpServerFilter.handleRead(HttpServerFilter.java:175)
	at org.glassfish.grizzly.filterchain.ExecutorResolver$9.execute(ExecutorResolver.java:119)
	at org.glassfish.grizzly.filterchain.DefaultFilterChain.executeFilter(DefaultFilterChain.java:265)
	at org.glassfish.grizzly.filterchain.DefaultFilterChain.executeChainPart(DefaultFilterChain.java:200)
	at org.glassfish.grizzly.filterchain.DefaultFilterChain.execute(DefaultFilterChain.java:134)
	at org.glassfish.grizzly.filterchain.DefaultFilterChain.process(DefaultFilterChain.java:112)
	at org.glassfish.grizzly.ProcessorExecutor.execute(ProcessorExecutor.java:78)
	at org.glassfish.grizzly.nio.transport.TCPNIOTransport.fireIOEvent(TCPNIOTransport.java:815)
	at org.glassfish.grizzly.strategies.AbstractIOStrategy.fireIOEvent(AbstractIOStrategy.java:112)
	at org.glassfish.grizzly.strategies.WorkerThreadIOStrategy.run0(WorkerThreadIOStrategy.java:115)
	at org.glassfish.grizzly.strategies.WorkerThreadIOStrategy.access$100(WorkerThreadIOStrategy.java:55)
	at org.glassfish.grizzly.strategies.WorkerThreadIOStrategy$WorkerThreadRunnable.run(WorkerThreadIOStrategy.java:135)
	at org.glassfish.grizzly.threadpool.AbstractThreadPool$Worker.doWork(AbstractThreadPool.java:567)
	at org.glassfish.grizzly.threadpool.AbstractThreadPool$Worker.run(AbstractThreadPool.java:547)
	at java.base/java.lang.Thread.run(Thread.java:829)
19 Feb 2024 18:46:24,738 ERROR com.sismics.rest.exception.ServerException.<init>(ServerException.java:38) AlreadyExistingUsername: Login already used 
java.lang.Exception: AlreadyExistingUsername
	at com.sismics.books.core.dao.jpa.UserDao.create(UserDao.java:65)
	at com.sismics.books.rest.resource.UserResource.register(UserResource.java:94)
	at java.base/jdk.internal.reflect.NativeMethodAccessorImpl.invoke0(Native Method)
	at java.base/jdk.internal.reflect.NativeMethodAccessorImpl.invoke(NativeMethodAccessorImpl.java:62)
	at java.base/jdk.internal.reflect.DelegatingMethodAccessorImpl.invoke(DelegatingMethodAccessorImpl.java:43)
	at java.base/java.lang.reflect.Method.invoke(Method.java:566)
	at com.sun.jersey.spi.container.JavaMethodInvokerFactory$1.invoke(JavaMethodInvokerFactory.java:60)
	at com.sun.jersey.server.impl.model.method.dispatch.AbstractResourceMethodDispatchProvider$ResponseOutInvoker._dispatch(AbstractResourceMethodDispatchProvider.java:205)
	at com.sun.jersey.server.impl.model.method.dispatch.ResourceJavaMethodDispatcher.dispatch(ResourceJavaMethodDispatcher.java:75)
	at com.sun.jersey.server.impl.uri.rules.HttpMethodRule.accept(HttpMethodRule.java:302)
	at com.sun.jersey.server.impl.uri.rules.ResourceClassRule.accept(ResourceClassRule.java:108)
	at com.sun.jersey.server.impl.uri.rules.RightHandPathRule.accept(RightHandPathRule.java:147)
	at com.sun.jersey.server.impl.uri.rules.RootResourceClassesRule.accept(RootResourceClassesRule.java:84)
	at com.sun.jersey.server.impl.application.WebApplicationImpl._handleRequest(WebApplicationImpl.java:1511)
	at com.sun.jersey.server.impl.application.WebApplicationImpl._handleRequest(WebApplicationImpl.java:1442)
	at com.sun.jersey.server.impl.application.WebApplicationImpl.handleRequest(WebApplicationImpl.java:1391)
	at com.sun.jersey.server.impl.application.WebApplicationImpl.handleRequest(WebApplicationImpl.java:1381)
	at com.sun.jersey.spi.container.servlet.WebComponent.service(WebComponent.java:416)
	at com.sun.jersey.spi.container.servlet.ServletContainer.service(ServletContainer.java:538)
	at com.sun.jersey.spi.container.servlet.ServletContainer.service(ServletContainer.java:716)
	at javax.servlet.http.HttpServlet.service(HttpServlet.java:847)
	at org.glassfish.grizzly.servlet.FilterChainImpl.doFilter(FilterChainImpl.java:147)
	at com.sismics.util.filter.TokenBasedSecurityFilter.doFilter(TokenBasedSecurityFilter.java:119)
	at org.glassfish.grizzly.servlet.FilterChainImpl.doFilter(FilterChainImpl.java:137)
	at com.sismics.util.filter.RequestContextFilter.doFilter(RequestContextFilter.java:97)
	at org.glassfish.grizzly.servlet.FilterChainImpl.doFilter(FilterChainImpl.java:137)
	at org.glassfish.grizzly.servlet.FilterChainImpl.invokeFilterChain(FilterChainImpl.java:106)
	at org.glassfish.grizzly.servlet.ServletHandler.doServletService(ServletHandler.java:252)
	at org.glassfish.grizzly.servlet.ServletHandler.service(ServletHandler.java:188)
	at org.glassfish.grizzly.http.server.HttpHandler.doHandle(HttpHandler.java:164)
	at org.glassfish.grizzly.http.server.HttpHandlerChain.service(HttpHandlerChain.java:196)
	at org.glassfish.grizzly.http.server.HttpHandler.doHandle(HttpHandler.java:164)
	at org.glassfish.grizzly.http.server.HttpServerFilter.handleRead(HttpServerFilter.java:175)
	at org.glassfish.grizzly.filterchain.ExecutorResolver$9.execute(ExecutorResolver.java:119)
	at org.glassfish.grizzly.filterchain.DefaultFilterChain.executeFilter(DefaultFilterChain.java:265)
	at org.glassfish.grizzly.filterchain.DefaultFilterChain.executeChainPart(DefaultFilterChain.java:200)
	at org.glassfish.grizzly.filterchain.DefaultFilterChain.execute(DefaultFilterChain.java:134)
	at org.glassfish.grizzly.filterchain.DefaultFilterChain.process(DefaultFilterChain.java:112)
	at org.glassfish.grizzly.ProcessorExecutor.execute(ProcessorExecutor.java:78)
	at org.glassfish.grizzly.nio.transport.TCPNIOTransport.fireIOEvent(TCPNIOTransport.java:815)
	at org.glassfish.grizzly.strategies.AbstractIOStrategy.fireIOEvent(AbstractIOStrategy.java:112)
	at org.glassfish.grizzly.strategies.WorkerThreadIOStrategy.run0(WorkerThreadIOStrategy.java:115)
	at org.glassfish.grizzly.strategies.WorkerThreadIOStrategy.access$100(WorkerThreadIOStrategy.java:55)
	at org.glassfish.grizzly.strategies.WorkerThreadIOStrategy$WorkerThreadRunnable.run(WorkerThreadIOStrategy.java:135)
	at org.glassfish.grizzly.threadpool.AbstractThreadPool$Worker.doWork(AbstractThreadPool.java:567)
	at org.glassfish.grizzly.threadpool.AbstractThreadPool$Worker.run(AbstractThreadPool.java:547)
	at java.base/java.lang.Thread.run(Thread.java:829)
19 Feb 2024 18:46:24,738 ERROR com.sismics.rest.exception.ServerException.<init>(ServerException.java:38) AlreadyExistingUsername: Login already used 
java.lang.Exception: AlreadyExistingUsername
	at com.sismics.books.core.dao.jpa.UserDao.create(UserDao.java:65)
	at com.sismics.books.rest.resource.UserResource.register(UserResource.java:94)
	at java.base/jdk.internal.reflect.NativeMethodAccessorImpl.invoke0(Native Method)
	at java.base/jdk.internal.reflect.NativeMethodAccessorImpl.invoke(NativeMethodAccessorImpl.java:62)
	at java.base/jdk.internal.reflect.DelegatingMethodAccessorImpl.invoke(DelegatingMethodAccessorImpl.java:43)
	at java.base/java.lang.reflect.Method.invoke(Method.java:566)
	at com.sun.jersey.spi.container.JavaMethodInvokerFactory$1.invoke(JavaMethodInvokerFactory.java:60)
	at com.sun.jersey.server.impl.model.method.dispatch.AbstractResourceMethodDispatchProvider$ResponseOutInvoker._dispatch(AbstractResourceMethodDispatchProvider.java:205)
	at com.sun.jersey.server.impl.model.method.dispatch.ResourceJavaMethodDispatcher.dispatch(ResourceJavaMethodDispatcher.java:75)
	at com.sun.jersey.server.impl.uri.rules.HttpMethodRule.accept(HttpMethodRule.java:302)
	at com.sun.jersey.server.impl.uri.rules.ResourceClassRule.accept(ResourceClassRule.java:108)
	at com.sun.jersey.server.impl.uri.rules.RightHandPathRule.accept(RightHandPathRule.java:147)
	at com.sun.jersey.server.impl.uri.rules.RootResourceClassesRule.accept(RootResourceClassesRule.java:84)
	at com.sun.jersey.server.impl.application.WebApplicationImpl._handleRequest(WebApplicationImpl.java:1511)
	at com.sun.jersey.server.impl.application.WebApplicationImpl._handleRequest(WebApplicationImpl.java:1442)
	at com.sun.jersey.server.impl.application.WebApplicationImpl.handleRequest(WebApplicationImpl.java:1391)
	at com.sun.jersey.server.impl.application.WebApplicationImpl.handleRequest(WebApplicationImpl.java:1381)
	at com.sun.jersey.spi.container.servlet.WebComponent.service(WebComponent.java:416)
	at com.sun.jersey.spi.container.servlet.ServletContainer.service(ServletContainer.java:538)
	at com.sun.jersey.spi.container.servlet.ServletContainer.service(ServletContainer.java:716)
	at javax.servlet.http.HttpServlet.service(HttpServlet.java:847)
	at org.glassfish.grizzly.servlet.FilterChainImpl.doFilter(FilterChainImpl.java:147)
	at com.sismics.util.filter.TokenBasedSecurityFilter.doFilter(TokenBasedSecurityFilter.java:119)
	at org.glassfish.grizzly.servlet.FilterChainImpl.doFilter(FilterChainImpl.java:137)
	at com.sismics.util.filter.RequestContextFilter.doFilter(RequestContextFilter.java:97)
	at org.glassfish.grizzly.servlet.FilterChainImpl.doFilter(FilterChainImpl.java:137)
	at org.glassfish.grizzly.servlet.FilterChainImpl.invokeFilterChain(FilterChainImpl.java:106)
	at org.glassfish.grizzly.servlet.ServletHandler.doServletService(ServletHandler.java:252)
	at org.glassfish.grizzly.servlet.ServletHandler.service(ServletHandler.java:188)
	at org.glassfish.grizzly.http.server.HttpHandler.doHandle(HttpHandler.java:164)
	at org.glassfish.grizzly.http.server.HttpHandlerChain.service(HttpHandlerChain.java:196)
	at org.glassfish.grizzly.http.server.HttpHandler.doHandle(HttpHandler.java:164)
	at org.glassfish.grizzly.http.server.HttpServerFilter.handleRead(HttpServerFilter.java:175)
	at org.glassfish.grizzly.filterchain.ExecutorResolver$9.execute(ExecutorResolver.java:119)
	at org.glassfish.grizzly.filterchain.DefaultFilterChain.executeFilter(DefaultFilterChain.java:265)
	at org.glassfish.grizzly.filterchain.DefaultFilterChain.executeChainPart(DefaultFilterChain.java:200)
	at org.glassfish.grizzly.filterchain.DefaultFilterChain.execute(DefaultFilterChain.java:134)
	at org.glassfish.grizzly.filterchain.DefaultFilterChain.process(DefaultFilterChain.java:112)
	at org.glassfish.grizzly.ProcessorExecutor.execute(ProcessorExecutor.java:78)
	at org.glassfish.grizzly.nio.transport.TCPNIOTransport.fireIOEvent(TCPNIOTransport.java:815)
	at org.glassfish.grizzly.strategies.AbstractIOStrategy.fireIOEvent(AbstractIOStrategy.java:112)
	at org.glassfish.grizzly.strategies.WorkerThreadIOStrategy.run0(WorkerThreadIOStrategy.java:115)
	at org.glassfish.grizzly.strategies.WorkerThreadIOStrategy.access$100(WorkerThreadIOStrategy.java:55)
	at org.glassfish.grizzly.strategies.WorkerThreadIOStrategy$WorkerThreadRunnable.run(WorkerThreadIOStrategy.java:135)
	at org.glassfish.grizzly.threadpool.AbstractThreadPool$Worker.doWork(AbstractThreadPool.java:567)
	at org.glassfish.grizzly.threadpool.AbstractThreadPool$Worker.run(AbstractThreadPool.java:547)
	at java.base/java.lang.Thread.run(Thread.java:829)
19 Feb 2024 18:46:24,738 ERROR com.sismics.rest.exception.ServerException.<init>(ServerException.java:38) AlreadyExistingUsername: Login already used 
java.lang.Exception: AlreadyExistingUsername
	at com.sismics.books.core.dao.jpa.UserDao.create(UserDao.java:65)
	at com.sismics.books.rest.resource.UserResource.register(UserResource.java:94)
	at java.base/jdk.internal.reflect.NativeMethodAccessorImpl.invoke0(Native Method)
	at java.base/jdk.internal.reflect.NativeMethodAccessorImpl.invoke(NativeMethodAccessorImpl.java:62)
	at java.base/jdk.internal.reflect.DelegatingMethodAccessorImpl.invoke(DelegatingMethodAccessorImpl.java:43)
	at java.base/java.lang.reflect.Method.invoke(Method.java:566)
	at com.sun.jersey.spi.container.JavaMethodInvokerFactory$1.invoke(JavaMethodInvokerFactory.java:60)
	at com.sun.jersey.server.impl.model.method.dispatch.AbstractResourceMethodDispatchProvider$ResponseOutInvoker._dispatch(AbstractResourceMethodDispatchProvider.java:205)
	at com.sun.jersey.server.impl.model.method.dispatch.ResourceJavaMethodDispatcher.dispatch(ResourceJavaMethodDispatcher.java:75)
	at com.sun.jersey.server.impl.uri.rules.HttpMethodRule.accept(HttpMethodRule.java:302)
	at com.sun.jersey.server.impl.uri.rules.ResourceClassRule.accept(ResourceClassRule.java:108)
	at com.sun.jersey.server.impl.uri.rules.RightHandPathRule.accept(RightHandPathRule.java:147)
	at com.sun.jersey.server.impl.uri.rules.RootResourceClassesRule.accept(RootResourceClassesRule.java:84)
	at com.sun.jersey.server.impl.application.WebApplicationImpl._handleRequest(WebApplicationImpl.java:1511)
	at com.sun.jersey.server.impl.application.WebApplicationImpl._handleRequest(WebApplicationImpl.java:1442)
	at com.sun.jersey.server.impl.application.WebApplicationImpl.handleRequest(WebApplicationImpl.java:1391)
	at com.sun.jersey.server.impl.application.WebApplicationImpl.handleRequest(WebApplicationImpl.java:1381)
	at com.sun.jersey.spi.container.servlet.WebComponent.service(WebComponent.java:416)
	at com.sun.jersey.spi.container.servlet.ServletContainer.service(ServletContainer.java:538)
	at com.sun.jersey.spi.container.servlet.ServletContainer.service(ServletContainer.java:716)
	at javax.servlet.http.HttpServlet.service(HttpServlet.java:847)
	at org.glassfish.grizzly.servlet.FilterChainImpl.doFilter(FilterChainImpl.java:147)
	at com.sismics.util.filter.TokenBasedSecurityFilter.doFilter(TokenBasedSecurityFilter.java:119)
	at org.glassfish.grizzly.servlet.FilterChainImpl.doFilter(FilterChainImpl.java:137)
	at com.sismics.util.filter.RequestContextFilter.doFilter(RequestContextFilter.java:97)
	at org.glassfish.grizzly.servlet.FilterChainImpl.doFilter(FilterChainImpl.java:137)
	at org.glassfish.grizzly.servlet.FilterChainImpl.invokeFilterChain(FilterChainImpl.java:106)
	at org.glassfish.grizzly.servlet.ServletHandler.doServletService(ServletHandler.java:252)
	at org.glassfish.grizzly.servlet.ServletHandler.service(ServletHandler.java:188)
	at org.glassfish.grizzly.http.server.HttpHandler.doHandle(HttpHandler.java:164)
	at org.glassfish.grizzly.http.server.HttpHandlerChain.service(HttpHandlerChain.java:196)
	at org.glassfish.grizzly.http.server.HttpHandler.doHandle(HttpHandler.java:164)
	at org.glassfish.grizzly.http.server.HttpServerFilter.handleRead(HttpServerFilter.java:175)
	at org.glassfish.grizzly.filterchain.ExecutorResolver$9.execute(ExecutorResolver.java:119)
	at org.glassfish.grizzly.filterchain.DefaultFilterChain.executeFilter(DefaultFilterChain.java:265)
	at org.glassfish.grizzly.filterchain.DefaultFilterChain.executeChainPart(DefaultFilterChain.java:200)
	at org.glassfish.grizzly.filterchain.DefaultFilterChain.execute(DefaultFilterChain.java:134)
	at org.glassfish.grizzly.filterchain.DefaultFilterChain.process(DefaultFilterChain.java:112)
	at org.glassfish.grizzly.ProcessorExecutor.execute(ProcessorExecutor.java:78)
	at org.glassfish.grizzly.nio.transport.TCPNIOTransport.fireIOEvent(TCPNIOTransport.java:815)
	at org.glassfish.grizzly.strategies.AbstractIOStrategy.fireIOEvent(AbstractIOStrategy.java:112)
	at org.glassfish.grizzly.strategies.WorkerThreadIOStrategy.run0(WorkerThreadIOStrategy.java:115)
	at org.glassfish.grizzly.strategies.WorkerThreadIOStrategy.access$100(WorkerThreadIOStrategy.java:55)
	at org.glassfish.grizzly.strategies.WorkerThreadIOStrategy$WorkerThreadRunnable.run(WorkerThreadIOStrategy.java:135)
	at org.glassfish.grizzly.threadpool.AbstractThreadPool$Worker.doWork(AbstractThreadPool.java:567)
	at org.glassfish.grizzly.threadpool.AbstractThreadPool$Worker.run(AbstractThreadPool.java:547)
	at java.base/java.lang.Thread.run(Thread.java:829)
19 Feb 2024 18:46:24,738 ERROR com.sismics.rest.exception.ServerException.<init>(ServerException.java:38) AlreadyExistingUsername: Login already used 
java.lang.Exception: AlreadyExistingUsername
	at com.sismics.books.core.dao.jpa.UserDao.create(UserDao.java:65)
	at com.sismics.books.rest.resource.UserResource.register(UserResource.java:94)
	at java.base/jdk.internal.reflect.NativeMethodAccessorImpl.invoke0(Native Method)
	at java.base/jdk.internal.reflect.NativeMethodAccessorImpl.invoke(NativeMethodAccessorImpl.java:62)
	at java.base/jdk.internal.reflect.DelegatingMethodAccessorImpl.invoke(DelegatingMethodAccessorImpl.java:43)
	at java.base/java.lang.reflect.Method.invoke(Method.java:566)
	at com.sun.jersey.spi.container.JavaMethodInvokerFactory$1.invoke(JavaMethodInvokerFactory.java:60)
	at com.sun.jersey.server.impl.model.method.dispatch.AbstractResourceMethodDispatchProvider$ResponseOutInvoker._dispatch(AbstractResourceMethodDispatchProvider.java:205)
	at com.sun.jersey.server.impl.model.method.dispatch.ResourceJavaMethodDispatcher.dispatch(ResourceJavaMethodDispatcher.java:75)
	at com.sun.jersey.server.impl.uri.rules.HttpMethodRule.accept(HttpMethodRule.java:302)
	at com.sun.jersey.server.impl.uri.rules.ResourceClassRule.accept(ResourceClassRule.java:108)
	at com.sun.jersey.server.impl.uri.rules.RightHandPathRule.accept(RightHandPathRule.java:147)
	at com.sun.jersey.server.impl.uri.rules.RootResourceClassesRule.accept(RootResourceClassesRule.java:84)
	at com.sun.jersey.server.impl.application.WebApplicationImpl._handleRequest(WebApplicationImpl.java:1511)
	at com.sun.jersey.server.impl.application.WebApplicationImpl._handleRequest(WebApplicationImpl.java:1442)
	at com.sun.jersey.server.impl.application.WebApplicationImpl.handleRequest(WebApplicationImpl.java:1391)
	at com.sun.jersey.server.impl.application.WebApplicationImpl.handleRequest(WebApplicationImpl.java:1381)
	at com.sun.jersey.spi.container.servlet.WebComponent.service(WebComponent.java:416)
	at com.sun.jersey.spi.container.servlet.ServletContainer.service(ServletContainer.java:538)
	at com.sun.jersey.spi.container.servlet.ServletContainer.service(ServletContainer.java:716)
	at javax.servlet.http.HttpServlet.service(HttpServlet.java:847)
	at org.glassfish.grizzly.servlet.FilterChainImpl.doFilter(FilterChainImpl.java:147)
	at com.sismics.util.filter.TokenBasedSecurityFilter.doFilter(TokenBasedSecurityFilter.java:119)
	at org.glassfish.grizzly.servlet.FilterChainImpl.doFilter(FilterChainImpl.java:137)
	at com.sismics.util.filter.RequestContextFilter.doFilter(RequestContextFilter.java:97)
	at org.glassfish.grizzly.servlet.FilterChainImpl.doFilter(FilterChainImpl.java:137)
	at org.glassfish.grizzly.servlet.FilterChainImpl.invokeFilterChain(FilterChainImpl.java:106)
	at org.glassfish.grizzly.servlet.ServletHandler.doServletService(ServletHandler.java:252)
	at org.glassfish.grizzly.servlet.ServletHandler.service(ServletHandler.java:188)
	at org.glassfish.grizzly.http.server.HttpHandler.doHandle(HttpHandler.java:164)
	at org.glassfish.grizzly.http.server.HttpHandlerChain.service(HttpHandlerChain.java:196)
	at org.glassfish.grizzly.http.server.HttpHandler.doHandle(HttpHandler.java:164)
	at org.glassfish.grizzly.http.server.HttpServerFilter.handleRead(HttpServerFilter.java:175)
	at org.glassfish.grizzly.filterchain.ExecutorResolver$9.execute(ExecutorResolver.java:119)
	at org.glassfish.grizzly.filterchain.DefaultFilterChain.executeFilter(DefaultFilterChain.java:265)
	at org.glassfish.grizzly.filterchain.DefaultFilterChain.executeChainPart(DefaultFilterChain.java:200)
	at org.glassfish.grizzly.filterchain.DefaultFilterChain.execute(DefaultFilterChain.java:134)
	at org.glassfish.grizzly.filterchain.DefaultFilterChain.process(DefaultFilterChain.java:112)
	at org.glassfish.grizzly.ProcessorExecutor.execute(ProcessorExecutor.java:78)
	at org.glassfish.grizzly.nio.transport.TCPNIOTransport.fireIOEvent(TCPNIOTransport.java:815)
	at org.glassfish.grizzly.strategies.AbstractIOStrategy.fireIOEvent(AbstractIOStrategy.java:112)
	at org.glassfish.grizzly.strategies.WorkerThreadIOStrategy.run0(WorkerThreadIOStrategy.java:115)
	at org.glassfish.grizzly.strategies.WorkerThreadIOStrategy.access$100(WorkerThreadIOStrategy.java:55)
	at org.glassfish.grizzly.strategies.WorkerThreadIOStrategy$WorkerThreadRunnable.run(WorkerThreadIOStrategy.java:135)
	at org.glassfish.grizzly.threadpool.AbstractThreadPool$Worker.doWork(AbstractThreadPool.java:567)
	at org.glassfish.grizzly.threadpool.AbstractThreadPool$Worker.run(AbstractThreadPool.java:547)
	at java.base/java.lang.Thread.run(Thread.java:829)
19 Feb 2024 18:46:24,738 ERROR com.sismics.rest.exception.ServerException.<init>(ServerException.java:38) AlreadyExistingUsername: Login already used 
java.lang.Exception: AlreadyExistingUsername
	at com.sismics.books.core.dao.jpa.UserDao.create(UserDao.java:65)
	at com.sismics.books.rest.resource.UserResource.register(UserResource.java:94)
	at java.base/jdk.internal.reflect.NativeMethodAccessorImpl.invoke0(Native Method)
	at java.base/jdk.internal.reflect.NativeMethodAccessorImpl.invoke(NativeMethodAccessorImpl.java:62)
	at java.base/jdk.internal.reflect.DelegatingMethodAccessorImpl.invoke(DelegatingMethodAccessorImpl.java:43)
	at java.base/java.lang.reflect.Method.invoke(Method.java:566)
	at com.sun.jersey.spi.container.JavaMethodInvokerFactory$1.invoke(JavaMethodInvokerFactory.java:60)
	at com.sun.jersey.server.impl.model.method.dispatch.AbstractResourceMethodDispatchProvider$ResponseOutInvoker._dispatch(AbstractResourceMethodDispatchProvider.java:205)
	at com.sun.jersey.server.impl.model.method.dispatch.ResourceJavaMethodDispatcher.dispatch(ResourceJavaMethodDispatcher.java:75)
	at com.sun.jersey.server.impl.uri.rules.HttpMethodRule.accept(HttpMethodRule.java:302)
	at com.sun.jersey.server.impl.uri.rules.ResourceClassRule.accept(ResourceClassRule.java:108)
	at com.sun.jersey.server.impl.uri.rules.RightHandPathRule.accept(RightHandPathRule.java:147)
	at com.sun.jersey.server.impl.uri.rules.RootResourceClassesRule.accept(RootResourceClassesRule.java:84)
	at com.sun.jersey.server.impl.application.WebApplicationImpl._handleRequest(WebApplicationImpl.java:1511)
	at com.sun.jersey.server.impl.application.WebApplicationImpl._handleRequest(WebApplicationImpl.java:1442)
	at com.sun.jersey.server.impl.application.WebApplicationImpl.handleRequest(WebApplicationImpl.java:1391)
	at com.sun.jersey.server.impl.application.WebApplicationImpl.handleRequest(WebApplicationImpl.java:1381)
	at com.sun.jersey.spi.container.servlet.WebComponent.service(WebComponent.java:416)
	at com.sun.jersey.spi.container.servlet.ServletContainer.service(ServletContainer.java:538)
	at com.sun.jersey.spi.container.servlet.ServletContainer.service(ServletContainer.java:716)
	at javax.servlet.http.HttpServlet.service(HttpServlet.java:847)
	at org.glassfish.grizzly.servlet.FilterChainImpl.doFilter(FilterChainImpl.java:147)
	at com.sismics.util.filter.TokenBasedSecurityFilter.doFilter(TokenBasedSecurityFilter.java:119)
	at org.glassfish.grizzly.servlet.FilterChainImpl.doFilter(FilterChainImpl.java:137)
	at com.sismics.util.filter.RequestContextFilter.doFilter(RequestContextFilter.java:97)
	at org.glassfish.grizzly.servlet.FilterChainImpl.doFilter(FilterChainImpl.java:137)
	at org.glassfish.grizzly.servlet.FilterChainImpl.invokeFilterChain(FilterChainImpl.java:106)
	at org.glassfish.grizzly.servlet.ServletHandler.doServletService(ServletHandler.java:252)
	at org.glassfish.grizzly.servlet.ServletHandler.service(ServletHandler.java:188)
	at org.glassfish.grizzly.http.server.HttpHandler.doHandle(HttpHandler.java:164)
	at org.glassfish.grizzly.http.server.HttpHandlerChain.service(HttpHandlerChain.java:196)
	at org.glassfish.grizzly.http.server.HttpHandler.doHandle(HttpHandler.java:164)
	at org.glassfish.grizzly.http.server.HttpServerFilter.handleRead(HttpServerFilter.java:175)
	at org.glassfish.grizzly.filterchain.ExecutorResolver$9.execute(ExecutorResolver.java:119)
	at org.glassfish.grizzly.filterchain.DefaultFilterChain.executeFilter(DefaultFilterChain.java:265)
	at org.glassfish.grizzly.filterchain.DefaultFilterChain.executeChainPart(DefaultFilterChain.java:200)
	at org.glassfish.grizzly.filterchain.DefaultFilterChain.execute(DefaultFilterChain.java:134)
	at org.glassfish.grizzly.filterchain.DefaultFilterChain.process(DefaultFilterChain.java:112)
	at org.glassfish.grizzly.ProcessorExecutor.execute(ProcessorExecutor.java:78)
	at org.glassfish.grizzly.nio.transport.TCPNIOTransport.fireIOEvent(TCPNIOTransport.java:815)
	at org.glassfish.grizzly.strategies.AbstractIOStrategy.fireIOEvent(AbstractIOStrategy.java:112)
	at org.glassfish.grizzly.strategies.WorkerThreadIOStrategy.run0(WorkerThreadIOStrategy.java:115)
	at org.glassfish.grizzly.strategies.WorkerThreadIOStrategy.access$100(WorkerThreadIOStrategy.java:55)
	at org.glassfish.grizzly.strategies.WorkerThreadIOStrategy$WorkerThreadRunnable.run(WorkerThreadIOStrategy.java:135)
	at org.glassfish.grizzly.threadpool.AbstractThreadPool$Worker.doWork(AbstractThreadPool.java:567)
	at org.glassfish.grizzly.threadpool.AbstractThreadPool$Worker.run(AbstractThreadPool.java:547)
	at java.base/java.lang.Thread.run(Thread.java:829)
19 Feb 2024 18:46:24,738 ERROR com.sismics.rest.exception.ServerException.<init>(ServerException.java:38) AlreadyExistingUsername: Login already used 
java.lang.Exception: AlreadyExistingUsername
	at com.sismics.books.core.dao.jpa.UserDao.create(UserDao.java:65)
	at com.sismics.books.rest.resource.UserResource.register(UserResource.java:94)
	at java.base/jdk.internal.reflect.NativeMethodAccessorImpl.invoke0(Native Method)
	at java.base/jdk.internal.reflect.NativeMethodAccessorImpl.invoke(NativeMethodAccessorImpl.java:62)
	at java.base/jdk.internal.reflect.DelegatingMethodAccessorImpl.invoke(DelegatingMethodAccessorImpl.java:43)
	at java.base/java.lang.reflect.Method.invoke(Method.java:566)
	at com.sun.jersey.spi.container.JavaMethodInvokerFactory$1.invoke(JavaMethodInvokerFactory.java:60)
	at com.sun.jersey.server.impl.model.method.dispatch.AbstractResourceMethodDispatchProvider$ResponseOutInvoker._dispatch(AbstractResourceMethodDispatchProvider.java:205)
	at com.sun.jersey.server.impl.model.method.dispatch.ResourceJavaMethodDispatcher.dispatch(ResourceJavaMethodDispatcher.java:75)
	at com.sun.jersey.server.impl.uri.rules.HttpMethodRule.accept(HttpMethodRule.java:302)
	at com.sun.jersey.server.impl.uri.rules.ResourceClassRule.accept(ResourceClassRule.java:108)
	at com.sun.jersey.server.impl.uri.rules.RightHandPathRule.accept(RightHandPathRule.java:147)
	at com.sun.jersey.server.impl.uri.rules.RootResourceClassesRule.accept(RootResourceClassesRule.java:84)
	at com.sun.jersey.server.impl.application.WebApplicationImpl._handleRequest(WebApplicationImpl.java:1511)
	at com.sun.jersey.server.impl.application.WebApplicationImpl._handleRequest(WebApplicationImpl.java:1442)
	at com.sun.jersey.server.impl.application.WebApplicationImpl.handleRequest(WebApplicationImpl.java:1391)
	at com.sun.jersey.server.impl.application.WebApplicationImpl.handleRequest(WebApplicationImpl.java:1381)
	at com.sun.jersey.spi.container.servlet.WebComponent.service(WebComponent.java:416)
	at com.sun.jersey.spi.container.servlet.ServletContainer.service(ServletContainer.java:538)
	at com.sun.jersey.spi.container.servlet.ServletContainer.service(ServletContainer.java:716)
	at javax.servlet.http.HttpServlet.service(HttpServlet.java:847)
	at org.glassfish.grizzly.servlet.FilterChainImpl.doFilter(FilterChainImpl.java:147)
	at com.sismics.util.filter.TokenBasedSecurityFilter.doFilter(TokenBasedSecurityFilter.java:119)
	at org.glassfish.grizzly.servlet.FilterChainImpl.doFilter(FilterChainImpl.java:137)
	at com.sismics.util.filter.RequestContextFilter.doFilter(RequestContextFilter.java:97)
	at org.glassfish.grizzly.servlet.FilterChainImpl.doFilter(FilterChainImpl.java:137)
	at org.glassfish.grizzly.servlet.FilterChainImpl.invokeFilterChain(FilterChainImpl.java:106)
	at org.glassfish.grizzly.servlet.ServletHandler.doServletService(ServletHandler.java:252)
	at org.glassfish.grizzly.servlet.ServletHandler.service(ServletHandler.java:188)
	at org.glassfish.grizzly.http.server.HttpHandler.doHandle(HttpHandler.java:164)
	at org.glassfish.grizzly.http.server.HttpHandlerChain.service(HttpHandlerChain.java:196)
	at org.glassfish.grizzly.http.server.HttpHandler.doHandle(HttpHandler.java:164)
	at org.glassfish.grizzly.http.server.HttpServerFilter.handleRead(HttpServerFilter.java:175)
	at org.glassfish.grizzly.filterchain.ExecutorResolver$9.execute(ExecutorResolver.java:119)
	at org.glassfish.grizzly.filterchain.DefaultFilterChain.executeFilter(DefaultFilterChain.java:265)
	at org.glassfish.grizzly.filterchain.DefaultFilterChain.executeChainPart(DefaultFilterChain.java:200)
	at org.glassfish.grizzly.filterchain.DefaultFilterChain.execute(DefaultFilterChain.java:134)
	at org.glassfish.grizzly.filterchain.DefaultFilterChain.process(DefaultFilterChain.java:112)
	at org.glassfish.grizzly.ProcessorExecutor.execute(ProcessorExecutor.java:78)
	at org.glassfish.grizzly.nio.transport.TCPNIOTransport.fireIOEvent(TCPNIOTransport.java:815)
	at org.glassfish.grizzly.strategies.AbstractIOStrategy.fireIOEvent(AbstractIOStrategy.java:112)
	at org.glassfish.grizzly.strategies.WorkerThreadIOStrategy.run0(WorkerThreadIOStrategy.java:115)
	at org.glassfish.grizzly.strategies.WorkerThreadIOStrategy.access$100(WorkerThreadIOStrategy.java:55)
	at org.glassfish.grizzly.strategies.WorkerThreadIOStrategy$WorkerThreadRunnable.run(WorkerThreadIOStrategy.java:135)
	at org.glassfish.grizzly.threadpool.AbstractThreadPool$Worker.doWork(AbstractThreadPool.java:567)
	at org.glassfish.grizzly.threadpool.AbstractThreadPool$Worker.run(AbstractThreadPool.java:547)
	at java.base/java.lang.Thread.run(Thread.java:829)
19 Feb 2024 18:46:25,165 INFO com.sismics.util.filter.RequestContextFilter.init(RequestContextFilter.java:53) Using base data directory: /mnt/c/Users/edeep/SE/Project_1/non_refactored/books/books-web/./sismicsbooks 
19 Feb 2024 18:46:25,165 INFO com.sismics.util.filter.RequestContextFilter.init(RequestContextFilter.java:53) Using base data directory: /mnt/c/Users/edeep/SE/Project_1/non_refactored/books/books-web/./sismicsbooks 
19 Feb 2024 18:46:25,165 INFO com.sismics.util.filter.RequestContextFilter.init(RequestContextFilter.java:53) Using base data directory: /mnt/c/Users/edeep/SE/Project_1/non_refactored/books/books-web/./sismicsbooks 
19 Feb 2024 18:46:25,165 INFO com.sismics.util.filter.RequestContextFilter.init(RequestContextFilter.java:53) Using base data directory: /mnt/c/Users/edeep/SE/Project_1/non_refactored/books/books-web/./sismicsbooks 
19 Feb 2024 18:46:25,165 INFO com.sismics.util.filter.RequestContextFilter.init(RequestContextFilter.java:53) Using base data directory: /mnt/c/Users/edeep/SE/Project_1/non_refactored/books/books-web/./sismicsbooks 
19 Feb 2024 18:46:25,165 INFO com.sismics.util.filter.RequestContextFilter.init(RequestContextFilter.java:53) Using base data directory: /mnt/c/Users/edeep/SE/Project_1/non_refactored/books/books-web/./sismicsbooks 
19 Feb 2024 18:46:25,165 INFO com.sismics.util.filter.RequestContextFilter.init(RequestContextFilter.java:53) Using base data directory: /mnt/c/Users/edeep/SE/Project_1/non_refactored/books/books-web/./sismicsbooks 
19 Feb 2024 18:46:25,165 INFO com.sismics.util.filter.RequestContextFilter.init(RequestContextFilter.java:53) Using base data directory: /mnt/c/Users/edeep/SE/Project_1/non_refactored/books/books-web/./sismicsbooks 
19 Feb 2024 18:46:25,165 INFO com.sismics.util.filter.RequestContextFilter.init(RequestContextFilter.java:53) Using base data directory: /mnt/c/Users/edeep/SE/Project_1/non_refactored/books/books-web/./sismicsbooks 
19 Feb 2024 18:46:25,165 INFO com.sismics.util.filter.RequestContextFilter.init(RequestContextFilter.java:53) Using base data directory: /mnt/c/Users/edeep/SE/Project_1/non_refactored/books/books-web/./sismicsbooks 
19 Feb 2024 18:46:25,165 INFO com.sismics.util.filter.RequestContextFilter.init(RequestContextFilter.java:53) Using base data directory: /mnt/c/Users/edeep/SE/Project_1/non_refactored/books/books-web/./sismicsbooks 
